{"/Users/gabrysia/Desktop/semestr4/zarzadzenie_wydatkami/ZarzadzenieWydatkami/user_service/app.js": {"path":"/Users/gabrysia/Desktop/semestr4/zarzadzenie_wydatkami/ZarzadzenieWydatkami/user_service/app.js","statementMap":{"0":{"start":{"line":1,"column":16},"end":{"line":1,"column":34}},"1":{"start":{"line":2,"column":13},"end":{"line":2,"column":28}},"2":{"start":{"line":3,"column":15},"end":{"line":3,"column":32}},"3":{"start":{"line":4,"column":19},"end":{"line":4,"column":54}},"4":{"start":{"line":5,"column":21},"end":{"line":5,"column":62}},"5":{"start":{"line":6,"column":18},"end":{"line":6,"column":47}},"6":{"start":{"line":8,"column":12},"end":{"line":8,"column":21}},"7":{"start":{"line":10,"column":16},"end":{"line":19,"column":2}},"8":{"start":{"line":21,"column":0},"end":{"line":21,"column":17}},"9":{"start":{"line":23,"column":0},"end":{"line":23,"column":16}},"10":{"start":{"line":24,"column":0},"end":{"line":24,"column":18}},"11":{"start":{"line":25,"column":0},"end":{"line":25,"column":24}},"12":{"start":{"line":27,"column":0},"end":{"line":27,"column":33}},"13":{"start":{"line":28,"column":0},"end":{"line":28,"column":22}},"14":{"start":{"line":30,"column":0},"end":{"line":30,"column":21}}},"fnMap":{},"branchMap":{},"s":{"0":1,"1":1,"2":1,"3":1,"4":1,"5":1,"6":1,"7":1,"8":1,"9":1,"10":1,"11":1,"12":1,"13":1,"14":1},"f":{},"b":{},"_coverageSchema":"1a1c01bbd47fc00a2c39e90264f33305004495a9","hash":"292b84d47630293c87621e4638bb49afa0cd3398"}
,"/Users/gabrysia/Desktop/semestr4/zarzadzenie_wydatkami/ZarzadzenieWydatkami/user_service/src/config/data.js": {"path":"/Users/gabrysia/Desktop/semestr4/zarzadzenie_wydatkami/ZarzadzenieWydatkami/user_service/src/config/data.js","statementMap":{"0":{"start":{"line":1,"column":22},"end":{"line":146,"column":1}},"1":{"start":{"line":148,"column":22},"end":{"line":332,"column":1}},"2":{"start":{"line":334,"column":0},"end":{"line":334,"column":50}}},"fnMap":{},"branchMap":{},"s":{"0":1,"1":1,"2":1},"f":{},"b":{},"_coverageSchema":"1a1c01bbd47fc00a2c39e90264f33305004495a9","hash":"dfdcefd34f4e16a09ef91d3bab5ad932eebac403"}
,"/Users/gabrysia/Desktop/semestr4/zarzadzenie_wydatkami/ZarzadzenieWydatkami/user_service/src/config/db.js": {"path":"/Users/gabrysia/Desktop/semestr4/zarzadzenie_wydatkami/ZarzadzenieWydatkami/user_service/src/config/db.js","statementMap":{"0":{"start":{"line":1,"column":22},"end":{"line":1,"column":42}},"1":{"start":{"line":3,"column":18},"end":{"line":7,"column":2}},"2":{"start":{"line":9,"column":23},"end":{"line":17,"column":1}},"3":{"start":{"line":10,"column":2},"end":{"line":16,"column":3}},"4":{"start":{"line":11,"column":4},"end":{"line":11,"column":35}},"5":{"start":{"line":12,"column":4},"end":{"line":12,"column":48}},"6":{"start":{"line":14,"column":4},"end":{"line":14,"column":72}},"7":{"start":{"line":15,"column":4},"end":{"line":15,"column":20}},"8":{"start":{"line":19,"column":0},"end":{"line":19,"column":47}}},"fnMap":{"0":{"name":"(anonymous_0)","decl":{"start":{"line":9,"column":23},"end":{"line":9,"column":24}},"loc":{"start":{"line":9,"column":35},"end":{"line":17,"column":1}},"line":9}},"branchMap":{},"s":{"0":3,"1":3,"2":3,"3":2,"4":2,"5":1,"6":1,"7":1,"8":3},"f":{"0":2},"b":{},"_coverageSchema":"1a1c01bbd47fc00a2c39e90264f33305004495a9","hash":"b1a3312809e90241a8a14f881777fb39e2990dd9"}
,"/Users/gabrysia/Desktop/semestr4/zarzadzenie_wydatkami/ZarzadzenieWydatkami/user_service/src/controllers/user.controller.js": {"path":"/Users/gabrysia/Desktop/semestr4/zarzadzenie_wydatkami/ZarzadzenieWydatkami/user_service/src/controllers/user.controller.js","statementMap":{"0":{"start":{"line":1,"column":29},"end":{"line":1,"column":57}},"1":{"start":{"line":2,"column":12},"end":{"line":2,"column":35}},"2":{"start":{"line":3,"column":15},"end":{"line":3,"column":32}},"3":{"start":{"line":4,"column":17},"end":{"line":4,"column":37}},"4":{"start":{"line":5,"column":23},"end":{"line":5,"column":38}},"5":{"start":{"line":6,"column":15},"end":{"line":6,"column":35}},"6":{"start":{"line":8,"column":21},"end":{"line":50,"column":1}},"7":{"start":{"line":9,"column":17},"end":{"line":9,"column":38}},"8":{"start":{"line":10,"column":2},"end":{"line":15,"column":3}},"9":{"start":{"line":11,"column":18},"end":{"line":11,"column":45}},"10":{"start":{"line":12,"column":4},"end":{"line":12,"column":23}},"11":{"start":{"line":13,"column":4},"end":{"line":13,"column":35}},"12":{"start":{"line":14,"column":4},"end":{"line":14,"column":23}},"13":{"start":{"line":17,"column":2},"end":{"line":49,"column":3}},"14":{"start":{"line":18,"column":73},"end":{"line":18,"column":81}},"15":{"start":{"line":19,"column":27},"end":{"line":19,"column":58}},"16":{"start":{"line":21,"column":17},"end":{"line":29,"column":6}},"17":{"start":{"line":31,"column":18},"end":{"line":33,"column":6}},"18":{"start":{"line":35,"column":4},"end":{"line":44,"column":7}},"19":{"start":{"line":46,"column":18},"end":{"line":46,"column":47}},"20":{"start":{"line":47,"column":4},"end":{"line":47,"column":32}},"21":{"start":{"line":48,"column":4},"end":{"line":48,"column":16}},"22":{"start":{"line":52,"column":18},"end":{"line":91,"column":1}},"23":{"start":{"line":53,"column":17},"end":{"line":53,"column":38}},"24":{"start":{"line":54,"column":2},"end":{"line":59,"column":3}},"25":{"start":{"line":55,"column":18},"end":{"line":55,"column":45}},"26":{"start":{"line":56,"column":4},"end":{"line":56,"column":23}},"27":{"start":{"line":57,"column":4},"end":{"line":57,"column":35}},"28":{"start":{"line":58,"column":4},"end":{"line":58,"column":23}},"29":{"start":{"line":61,"column":2},"end":{"line":90,"column":3}},"30":{"start":{"line":62,"column":32},"end":{"line":62,"column":40}},"31":{"start":{"line":63,"column":17},"end":{"line":63,"column":57}},"32":{"start":{"line":64,"column":4},"end":{"line":67,"column":5}},"33":{"start":{"line":65,"column":20},"end":{"line":65,"column":62}},"34":{"start":{"line":66,"column":6},"end":{"line":66,"column":18}},"35":{"start":{"line":68,"column":20},"end":{"line":68,"column":65}},"36":{"start":{"line":69,"column":4},"end":{"line":72,"column":5}},"37":{"start":{"line":70,"column":20},"end":{"line":70,"column":62}},"38":{"start":{"line":71,"column":6},"end":{"line":71,"column":18}},"39":{"start":{"line":73,"column":18},"end":{"line":75,"column":6}},"40":{"start":{"line":76,"column":4},"end":{"line":85,"column":7}},"41":{"start":{"line":87,"column":18},"end":{"line":87,"column":45}},"42":{"start":{"line":88,"column":4},"end":{"line":88,"column":32}},"43":{"start":{"line":89,"column":4},"end":{"line":89,"column":16}},"44":{"start":{"line":93,"column":23},"end":{"line":121,"column":1}},"45":{"start":{"line":94,"column":17},"end":{"line":94,"column":38}},"46":{"start":{"line":95,"column":2},"end":{"line":100,"column":3}},"47":{"start":{"line":96,"column":18},"end":{"line":96,"column":45}},"48":{"start":{"line":97,"column":4},"end":{"line":97,"column":23}},"49":{"start":{"line":98,"column":4},"end":{"line":98,"column":35}},"50":{"start":{"line":99,"column":4},"end":{"line":99,"column":23}},"51":{"start":{"line":102,"column":2},"end":{"line":120,"column":3}},"52":{"start":{"line":103,"column":22},"end":{"line":103,"column":30}},"53":{"start":{"line":104,"column":17},"end":{"line":104,"column":57}},"54":{"start":{"line":105,"column":4},"end":{"line":108,"column":5}},"55":{"start":{"line":106,"column":20},"end":{"line":106,"column":53}},"56":{"start":{"line":107,"column":6},"end":{"line":107,"column":18}},"57":{"start":{"line":109,"column":18},"end":{"line":109,"column":26}},"58":{"start":{"line":110,"column":19},"end":{"line":110,"column":56}},"59":{"start":{"line":111,"column":4},"end":{"line":111,"column":29}},"60":{"start":{"line":112,"column":4},"end":{"line":112,"column":37}},"61":{"start":{"line":113,"column":4},"end":{"line":113,"column":22}},"62":{"start":{"line":115,"column":4},"end":{"line":115,"column":78}},"63":{"start":{"line":117,"column":18},"end":{"line":117,"column":51}},"64":{"start":{"line":118,"column":4},"end":{"line":118,"column":32}},"65":{"start":{"line":119,"column":4},"end":{"line":119,"column":16}},"66":{"start":{"line":123,"column":22},"end":{"line":158,"column":1}},"67":{"start":{"line":124,"column":17},"end":{"line":124,"column":38}},"68":{"start":{"line":125,"column":2},"end":{"line":130,"column":3}},"69":{"start":{"line":126,"column":18},"end":{"line":126,"column":45}},"70":{"start":{"line":127,"column":4},"end":{"line":127,"column":23}},"71":{"start":{"line":128,"column":4},"end":{"line":128,"column":35}},"72":{"start":{"line":129,"column":4},"end":{"line":129,"column":23}},"73":{"start":{"line":132,"column":2},"end":{"line":157,"column":3}},"74":{"start":{"line":133,"column":35},"end":{"line":133,"column":43}},"75":{"start":{"line":134,"column":17},"end":{"line":141,"column":6}},"76":{"start":{"line":142,"column":4},"end":{"line":146,"column":5}},"77":{"start":{"line":143,"column":20},"end":{"line":143,"column":86}},"78":{"start":{"line":144,"column":6},"end":{"line":144,"column":34}},"79":{"start":{"line":145,"column":6},"end":{"line":145,"column":18}},"80":{"start":{"line":147,"column":19},"end":{"line":147,"column":53}},"81":{"start":{"line":148,"column":4},"end":{"line":148,"column":27}},"82":{"start":{"line":149,"column":4},"end":{"line":149,"column":28}},"83":{"start":{"line":150,"column":4},"end":{"line":150,"column":34}},"84":{"start":{"line":151,"column":4},"end":{"line":151,"column":22}},"85":{"start":{"line":152,"column":4},"end":{"line":152,"column":73}},"86":{"start":{"line":154,"column":18},"end":{"line":154,"column":50}},"87":{"start":{"line":155,"column":4},"end":{"line":155,"column":32}},"88":{"start":{"line":156,"column":4},"end":{"line":156,"column":16}},"89":{"start":{"line":160,"column":19},"end":{"line":174,"column":1}},"90":{"start":{"line":161,"column":2},"end":{"line":173,"column":3}},"91":{"start":{"line":162,"column":17},"end":{"line":166,"column":6}},"92":{"start":{"line":167,"column":4},"end":{"line":167,"column":70}},"93":{"start":{"line":169,"column":4},"end":{"line":169,"column":23}},"94":{"start":{"line":170,"column":18},"end":{"line":170,"column":58}},"95":{"start":{"line":171,"column":4},"end":{"line":171,"column":32}},"96":{"start":{"line":172,"column":4},"end":{"line":172,"column":16}},"97":{"start":{"line":176,"column":17},"end":{"line":179,"column":1}},"98":{"start":{"line":177,"column":61},"end":{"line":177,"column":69}},"99":{"start":{"line":178,"column":2},"end":{"line":178,"column":75}},"100":{"start":{"line":181,"column":22},"end":{"line":212,"column":1}},"101":{"start":{"line":182,"column":17},"end":{"line":182,"column":38}},"102":{"start":{"line":183,"column":2},"end":{"line":188,"column":3}},"103":{"start":{"line":184,"column":18},"end":{"line":184,"column":45}},"104":{"start":{"line":185,"column":4},"end":{"line":185,"column":23}},"105":{"start":{"line":186,"column":4},"end":{"line":186,"column":35}},"106":{"start":{"line":187,"column":4},"end":{"line":187,"column":23}},"107":{"start":{"line":190,"column":2},"end":{"line":211,"column":3}},"108":{"start":{"line":191,"column":17},"end":{"line":193,"column":6}},"109":{"start":{"line":194,"column":4},"end":{"line":198,"column":5}},"110":{"start":{"line":195,"column":20},"end":{"line":195,"column":59}},"111":{"start":{"line":196,"column":6},"end":{"line":196,"column":34}},"112":{"start":{"line":197,"column":6},"end":{"line":197,"column":18}},"113":{"start":{"line":200,"column":53},"end":{"line":200,"column":61}},"114":{"start":{"line":201,"column":4},"end":{"line":201,"column":45}},"115":{"start":{"line":202,"column":4},"end":{"line":202,"column":57}},"116":{"start":{"line":203,"column":4},"end":{"line":203,"column":54}},"117":{"start":{"line":204,"column":4},"end":{"line":204,"column":54}},"118":{"start":{"line":205,"column":4},"end":{"line":205,"column":22}},"119":{"start":{"line":206,"column":4},"end":{"line":206,"column":73}},"120":{"start":{"line":208,"column":18},"end":{"line":208,"column":56}},"121":{"start":{"line":209,"column":4},"end":{"line":209,"column":32}},"122":{"start":{"line":210,"column":4},"end":{"line":210,"column":16}},"123":{"start":{"line":214,"column":23},"end":{"line":240,"column":1}},"124":{"start":{"line":215,"column":17},"end":{"line":215,"column":38}},"125":{"start":{"line":216,"column":2},"end":{"line":221,"column":3}},"126":{"start":{"line":217,"column":18},"end":{"line":217,"column":45}},"127":{"start":{"line":218,"column":4},"end":{"line":218,"column":23}},"128":{"start":{"line":219,"column":4},"end":{"line":219,"column":35}},"129":{"start":{"line":220,"column":4},"end":{"line":220,"column":23}},"130":{"start":{"line":223,"column":2},"end":{"line":239,"column":3}},"131":{"start":{"line":224,"column":45},"end":{"line":224,"column":53}},"132":{"start":{"line":225,"column":20},"end":{"line":225,"column":76}},"133":{"start":{"line":226,"column":4},"end":{"line":230,"column":5}},"134":{"start":{"line":227,"column":20},"end":{"line":227,"column":59}},"135":{"start":{"line":228,"column":6},"end":{"line":228,"column":34}},"136":{"start":{"line":229,"column":6},"end":{"line":229,"column":18}},"137":{"start":{"line":231,"column":19},"end":{"line":231,"column":53}},"138":{"start":{"line":232,"column":4},"end":{"line":232,"column":31}},"139":{"start":{"line":233,"column":4},"end":{"line":233,"column":26}},"140":{"start":{"line":234,"column":4},"end":{"line":234,"column":57}},"141":{"start":{"line":236,"column":18},"end":{"line":236,"column":48}},"142":{"start":{"line":237,"column":4},"end":{"line":237,"column":32}},"143":{"start":{"line":238,"column":4},"end":{"line":238,"column":16}},"144":{"start":{"line":242,"column":22},"end":{"line":256,"column":1}},"145":{"start":{"line":243,"column":2},"end":{"line":255,"column":3}},"146":{"start":{"line":244,"column":17},"end":{"line":244,"column":67}},"147":{"start":{"line":245,"column":4},"end":{"line":248,"column":5}},"148":{"start":{"line":246,"column":20},"end":{"line":246,"column":50}},"149":{"start":{"line":247,"column":6},"end":{"line":247,"column":18}},"150":{"start":{"line":249,"column":4},"end":{"line":249,"column":25}},"151":{"start":{"line":250,"column":4},"end":{"line":250,"column":65}},"152":{"start":{"line":252,"column":18},"end":{"line":252,"column":50}},"153":{"start":{"line":253,"column":4},"end":{"line":253,"column":32}},"154":{"start":{"line":254,"column":4},"end":{"line":254,"column":16}},"155":{"start":{"line":258,"column":0},"end":{"line":268,"column":2}}},"fnMap":{"0":{"name":"(anonymous_0)","decl":{"start":{"line":8,"column":21},"end":{"line":8,"column":22}},"loc":{"start":{"line":8,"column":47},"end":{"line":50,"column":1}},"line":8},"1":{"name":"(anonymous_1)","decl":{"start":{"line":52,"column":18},"end":{"line":52,"column":19}},"loc":{"start":{"line":52,"column":44},"end":{"line":91,"column":1}},"line":52},"2":{"name":"(anonymous_2)","decl":{"start":{"line":93,"column":23},"end":{"line":93,"column":24}},"loc":{"start":{"line":93,"column":49},"end":{"line":121,"column":1}},"line":93},"3":{"name":"(anonymous_3)","decl":{"start":{"line":123,"column":22},"end":{"line":123,"column":23}},"loc":{"start":{"line":123,"column":48},"end":{"line":158,"column":1}},"line":123},"4":{"name":"(anonymous_4)","decl":{"start":{"line":160,"column":19},"end":{"line":160,"column":20}},"loc":{"start":{"line":160,"column":45},"end":{"line":174,"column":1}},"line":160},"5":{"name":"(anonymous_5)","decl":{"start":{"line":176,"column":17},"end":{"line":176,"column":18}},"loc":{"start":{"line":176,"column":43},"end":{"line":179,"column":1}},"line":176},"6":{"name":"(anonymous_6)","decl":{"start":{"line":181,"column":22},"end":{"line":181,"column":23}},"loc":{"start":{"line":181,"column":48},"end":{"line":212,"column":1}},"line":181},"7":{"name":"(anonymous_7)","decl":{"start":{"line":214,"column":23},"end":{"line":214,"column":24}},"loc":{"start":{"line":214,"column":49},"end":{"line":240,"column":1}},"line":214},"8":{"name":"(anonymous_8)","decl":{"start":{"line":242,"column":22},"end":{"line":242,"column":23}},"loc":{"start":{"line":242,"column":48},"end":{"line":256,"column":1}},"line":242}},"branchMap":{"0":{"loc":{"start":{"line":10,"column":2},"end":{"line":15,"column":3}},"type":"if","locations":[{"start":{"line":10,"column":2},"end":{"line":15,"column":3}},{"start":{},"end":{}}],"line":10},"1":{"loc":{"start":{"line":28,"column":12},"end":{"line":28,"column":26}},"type":"binary-expr","locations":[{"start":{"line":28,"column":12},"end":{"line":28,"column":16}},{"start":{"line":28,"column":20},"end":{"line":28,"column":26}}],"line":28},"2":{"loc":{"start":{"line":54,"column":2},"end":{"line":59,"column":3}},"type":"if","locations":[{"start":{"line":54,"column":2},"end":{"line":59,"column":3}},{"start":{},"end":{}}],"line":54},"3":{"loc":{"start":{"line":64,"column":4},"end":{"line":67,"column":5}},"type":"if","locations":[{"start":{"line":64,"column":4},"end":{"line":67,"column":5}},{"start":{},"end":{}}],"line":64},"4":{"loc":{"start":{"line":69,"column":4},"end":{"line":72,"column":5}},"type":"if","locations":[{"start":{"line":69,"column":4},"end":{"line":72,"column":5}},{"start":{},"end":{}}],"line":69},"5":{"loc":{"start":{"line":95,"column":2},"end":{"line":100,"column":3}},"type":"if","locations":[{"start":{"line":95,"column":2},"end":{"line":100,"column":3}},{"start":{},"end":{}}],"line":95},"6":{"loc":{"start":{"line":105,"column":4},"end":{"line":108,"column":5}},"type":"if","locations":[{"start":{"line":105,"column":4},"end":{"line":108,"column":5}},{"start":{},"end":{}}],"line":105},"7":{"loc":{"start":{"line":125,"column":2},"end":{"line":130,"column":3}},"type":"if","locations":[{"start":{"line":125,"column":2},"end":{"line":130,"column":3}},{"start":{},"end":{}}],"line":125},"8":{"loc":{"start":{"line":142,"column":4},"end":{"line":146,"column":5}},"type":"if","locations":[{"start":{"line":142,"column":4},"end":{"line":146,"column":5}},{"start":{},"end":{}}],"line":142},"9":{"loc":{"start":{"line":183,"column":2},"end":{"line":188,"column":3}},"type":"if","locations":[{"start":{"line":183,"column":2},"end":{"line":188,"column":3}},{"start":{},"end":{}}],"line":183},"10":{"loc":{"start":{"line":194,"column":4},"end":{"line":198,"column":5}},"type":"if","locations":[{"start":{"line":194,"column":4},"end":{"line":198,"column":5}},{"start":{},"end":{}}],"line":194},"11":{"loc":{"start":{"line":201,"column":21},"end":{"line":201,"column":44}},"type":"binary-expr","locations":[{"start":{"line":201,"column":21},"end":{"line":201,"column":26}},{"start":{"line":201,"column":30},"end":{"line":201,"column":44}}],"line":201},"12":{"loc":{"start":{"line":202,"column":25},"end":{"line":202,"column":56}},"type":"binary-expr","locations":[{"start":{"line":202,"column":25},"end":{"line":202,"column":34}},{"start":{"line":202,"column":38},"end":{"line":202,"column":56}}],"line":202},"13":{"loc":{"start":{"line":203,"column":24},"end":{"line":203,"column":53}},"type":"binary-expr","locations":[{"start":{"line":203,"column":24},"end":{"line":203,"column":32}},{"start":{"line":203,"column":36},"end":{"line":203,"column":53}}],"line":203},"14":{"loc":{"start":{"line":204,"column":24},"end":{"line":204,"column":53}},"type":"binary-expr","locations":[{"start":{"line":204,"column":24},"end":{"line":204,"column":32}},{"start":{"line":204,"column":36},"end":{"line":204,"column":53}}],"line":204},"15":{"loc":{"start":{"line":216,"column":2},"end":{"line":221,"column":3}},"type":"if","locations":[{"start":{"line":216,"column":2},"end":{"line":221,"column":3}},{"start":{},"end":{}}],"line":216},"16":{"loc":{"start":{"line":226,"column":4},"end":{"line":230,"column":5}},"type":"if","locations":[{"start":{"line":226,"column":4},"end":{"line":230,"column":5}},{"start":{},"end":{}}],"line":226},"17":{"loc":{"start":{"line":245,"column":4},"end":{"line":248,"column":5}},"type":"if","locations":[{"start":{"line":245,"column":4},"end":{"line":248,"column":5}},{"start":{},"end":{}}],"line":245}},"s":{"0":1,"1":1,"2":1,"3":1,"4":1,"5":1,"6":1,"7":10,"8":10,"9":7,"10":7,"11":7,"12":7,"13":3,"14":3,"15":3,"16":3,"17":2,"18":2,"19":1,"20":1,"21":1,"22":1,"23":5,"24":5,"25":2,"26":2,"27":2,"28":2,"29":3,"30":3,"31":3,"32":3,"33":1,"34":1,"35":3,"36":2,"37":1,"38":1,"39":2,"40":2,"41":2,"42":2,"43":2,"44":1,"45":3,"46":3,"47":1,"48":1,"49":1,"50":1,"51":2,"52":2,"53":2,"54":2,"55":1,"56":1,"57":2,"58":2,"59":2,"60":1,"61":1,"62":1,"63":1,"64":1,"65":1,"66":1,"67":3,"68":3,"69":1,"70":1,"71":1,"72":1,"73":2,"74":2,"75":2,"76":1,"77":1,"78":1,"79":0,"80":0,"81":0,"82":0,"83":0,"84":0,"85":0,"86":2,"87":2,"88":2,"89":1,"90":1,"91":1,"92":1,"93":0,"94":0,"95":0,"96":0,"97":1,"98":1,"99":1,"100":1,"101":2,"102":2,"103":1,"104":1,"105":1,"106":1,"107":1,"108":1,"109":1,"110":0,"111":0,"112":0,"113":1,"114":1,"115":1,"116":1,"117":1,"118":1,"119":1,"120":0,"121":0,"122":0,"123":1,"124":3,"125":3,"126":2,"127":2,"128":2,"129":2,"130":1,"131":1,"132":1,"133":1,"134":1,"135":1,"136":0,"137":0,"138":0,"139":0,"140":0,"141":1,"142":1,"143":1,"144":1,"145":1,"146":1,"147":1,"148":0,"149":0,"150":1,"151":1,"152":0,"153":0,"154":0,"155":1},"f":{"0":10,"1":5,"2":3,"3":3,"4":1,"5":1,"6":2,"7":3,"8":1},"b":{"0":[7,3],"1":[3,0],"2":[2,3],"3":[1,2],"4":[1,1],"5":[1,2],"6":[1,1],"7":[1,2],"8":[1,0],"9":[1,1],"10":[0,1],"11":[1,1],"12":[1,0],"13":[1,1],"14":[1,1],"15":[2,1],"16":[1,0],"17":[0,1]},"_coverageSchema":"1a1c01bbd47fc00a2c39e90264f33305004495a9","hash":"e9ad612d8d52d92ac1a5d91c8e409bd78413320f"}
,"/Users/gabrysia/Desktop/semestr4/zarzadzenie_wydatkami/ZarzadzenieWydatkami/user_service/src/middlewares/auth.middleware.js": {"path":"/Users/gabrysia/Desktop/semestr4/zarzadzenie_wydatkami/ZarzadzenieWydatkami/user_service/src/middlewares/auth.middleware.js","statementMap":{"0":{"start":{"line":1,"column":12},"end":{"line":1,"column":35}},"1":{"start":{"line":2,"column":17},"end":{"line":2,"column":37}},"2":{"start":{"line":4,"column":21},"end":{"line":22,"column":1}},"3":{"start":{"line":5,"column":21},"end":{"line":5,"column":46}},"4":{"start":{"line":6,"column":2},"end":{"line":7,"column":60}},"5":{"start":{"line":7,"column":4},"end":{"line":7,"column":60}},"6":{"start":{"line":9,"column":2},"end":{"line":21,"column":3}},"7":{"start":{"line":10,"column":18},"end":{"line":10,"column":42}},"8":{"start":{"line":11,"column":20},"end":{"line":11,"column":61}},"9":{"start":{"line":13,"column":17},"end":{"line":13,"column":48}},"10":{"start":{"line":14,"column":4},"end":{"line":14,"column":85}},"11":{"start":{"line":14,"column":15},"end":{"line":14,"column":85}},"12":{"start":{"line":16,"column":4},"end":{"line":16,"column":20}},"13":{"start":{"line":17,"column":4},"end":{"line":17,"column":11}},"14":{"start":{"line":19,"column":4},"end":{"line":19,"column":25}},"15":{"start":{"line":20,"column":4},"end":{"line":20,"column":68}},"16":{"start":{"line":24,"column":22},"end":{"line":36,"column":1}},"17":{"start":{"line":25,"column":2},"end":{"line":35,"column":4}},"18":{"start":{"line":26,"column":4},"end":{"line":28,"column":5}},"19":{"start":{"line":27,"column":6},"end":{"line":27,"column":80}},"20":{"start":{"line":30,"column":4},"end":{"line":32,"column":5}},"21":{"start":{"line":31,"column":6},"end":{"line":31,"column":80}},"22":{"start":{"line":34,"column":4},"end":{"line":34,"column":11}},"23":{"start":{"line":38,"column":0},"end":{"line":38,"column":49}}},"fnMap":{"0":{"name":"(anonymous_0)","decl":{"start":{"line":4,"column":21},"end":{"line":4,"column":22}},"loc":{"start":{"line":4,"column":47},"end":{"line":22,"column":1}},"line":4},"1":{"name":"(anonymous_1)","decl":{"start":{"line":24,"column":22},"end":{"line":24,"column":23}},"loc":{"start":{"line":24,"column":43},"end":{"line":36,"column":1}},"line":24},"2":{"name":"(anonymous_2)","decl":{"start":{"line":25,"column":9},"end":{"line":25,"column":10}},"loc":{"start":{"line":25,"column":29},"end":{"line":35,"column":3}},"line":25}},"branchMap":{"0":{"loc":{"start":{"line":6,"column":2},"end":{"line":7,"column":60}},"type":"if","locations":[{"start":{"line":6,"column":2},"end":{"line":7,"column":60}},{"start":{},"end":{}}],"line":6},"1":{"loc":{"start":{"line":6,"column":6},"end":{"line":6,"column":54}},"type":"binary-expr","locations":[{"start":{"line":6,"column":6},"end":{"line":6,"column":17}},{"start":{"line":6,"column":21},"end":{"line":6,"column":54}}],"line":6},"2":{"loc":{"start":{"line":14,"column":4},"end":{"line":14,"column":85}},"type":"if","locations":[{"start":{"line":14,"column":4},"end":{"line":14,"column":85}},{"start":{},"end":{}}],"line":14},"3":{"loc":{"start":{"line":26,"column":4},"end":{"line":28,"column":5}},"type":"if","locations":[{"start":{"line":26,"column":4},"end":{"line":28,"column":5}},{"start":{},"end":{}}],"line":26},"4":{"loc":{"start":{"line":30,"column":4},"end":{"line":32,"column":5}},"type":"if","locations":[{"start":{"line":30,"column":4},"end":{"line":32,"column":5}},{"start":{},"end":{}}],"line":30}},"s":{"0":2,"1":2,"2":2,"3":11,"4":11,"5":2,"6":9,"7":9,"8":9,"9":9,"10":9,"11":0,"12":9,"13":9,"14":0,"15":0,"16":2,"17":1,"18":2,"19":0,"20":2,"21":1,"22":1,"23":2},"f":{"0":11,"1":1,"2":2},"b":{"0":[2,9],"1":[11,9],"2":[0,9],"3":[0,2],"4":[1,1]},"_coverageSchema":"1a1c01bbd47fc00a2c39e90264f33305004495a9","hash":"849c3428bbb026d06bdca1243c7c2d301f297d0e"}
,"/Users/gabrysia/Desktop/semestr4/zarzadzenie_wydatkami/ZarzadzenieWydatkami/user_service/src/middlewares/errorHandler.js": {"path":"/Users/gabrysia/Desktop/semestr4/zarzadzenie_wydatkami/ZarzadzenieWydatkami/user_service/src/middlewares/errorHandler.js","statementMap":{"0":{"start":{"line":1,"column":21},"end":{"line":11,"column":1}},"1":{"start":{"line":2,"column":2},"end":{"line":2,"column":43}},"2":{"start":{"line":4,"column":17},"end":{"line":4,"column":34}},"3":{"start":{"line":5,"column":18},"end":{"line":5,"column":54}},"4":{"start":{"line":7,"column":2},"end":{"line":10,"column":5}},"5":{"start":{"line":13,"column":0},"end":{"line":13,"column":30}}},"fnMap":{"0":{"name":"(anonymous_0)","decl":{"start":{"line":1,"column":21},"end":{"line":1,"column":22}},"loc":{"start":{"line":1,"column":46},"end":{"line":11,"column":1}},"line":1}},"branchMap":{"0":{"loc":{"start":{"line":2,"column":25},"end":{"line":2,"column":41}},"type":"binary-expr","locations":[{"start":{"line":2,"column":25},"end":{"line":2,"column":34}},{"start":{"line":2,"column":38},"end":{"line":2,"column":41}}],"line":2},"1":{"loc":{"start":{"line":4,"column":17},"end":{"line":4,"column":34}},"type":"binary-expr","locations":[{"start":{"line":4,"column":17},"end":{"line":4,"column":27}},{"start":{"line":4,"column":31},"end":{"line":4,"column":34}}],"line":4},"2":{"loc":{"start":{"line":5,"column":18},"end":{"line":5,"column":54}},"type":"binary-expr","locations":[{"start":{"line":5,"column":18},"end":{"line":5,"column":29}},{"start":{"line":5,"column":33},"end":{"line":5,"column":54}}],"line":5},"3":{"loc":{"start":{"line":9,"column":13},"end":{"line":9,"column":32}},"type":"binary-expr","locations":[{"start":{"line":9,"column":13},"end":{"line":9,"column":24}},{"start":{"line":9,"column":28},"end":{"line":9,"column":32}}],"line":9}},"s":{"0":1,"1":21,"2":21,"3":21,"4":21,"5":1},"f":{"0":21},"b":{"0":[21,0],"1":[21,7],"2":[21,0],"3":[21,3]},"_coverageSchema":"1a1c01bbd47fc00a2c39e90264f33305004495a9","hash":"50deb2ebf01ebb407b5e89daae418b161304525d"}
,"/Users/gabrysia/Desktop/semestr4/zarzadzenie_wydatkami/ZarzadzenieWydatkami/user_service/src/middlewares/validate.middleware.js": {"path":"/Users/gabrysia/Desktop/semestr4/zarzadzenie_wydatkami/ZarzadzenieWydatkami/user_service/src/middlewares/validate.middleware.js","statementMap":{"0":{"start":{"line":1,"column":17},"end":{"line":1,"column":45}},"1":{"start":{"line":2,"column":41},"end":{"line":2,"column":66}},"2":{"start":{"line":3,"column":17},"end":{"line":3,"column":37}},"3":{"start":{"line":5,"column":25},"end":{"line":41,"column":1}},"4":{"start":{"line":22,"column":6},"end":{"line":24,"column":7}},"5":{"start":{"line":23,"column":8},"end":{"line":23,"column":48}},"6":{"start":{"line":25,"column":6},"end":{"line":25,"column":18}},"7":{"start":{"line":31,"column":6},"end":{"line":33,"column":7}},"8":{"start":{"line":32,"column":8},"end":{"line":32,"column":48}},"9":{"start":{"line":34,"column":6},"end":{"line":34,"column":18}},"10":{"start":{"line":43,"column":22},"end":{"line":46,"column":1}},"11":{"start":{"line":48,"column":30},"end":{"line":82,"column":1}},"12":{"start":{"line":52,"column":27},"end":{"line":52,"column":65}},"13":{"start":{"line":53,"column":6},"end":{"line":55,"column":7}},"14":{"start":{"line":54,"column":8},"end":{"line":54,"column":56}},"15":{"start":{"line":56,"column":6},"end":{"line":56,"column":18}},"16":{"start":{"line":67,"column":6},"end":{"line":69,"column":7}},"17":{"start":{"line":68,"column":8},"end":{"line":68,"column":48}},"18":{"start":{"line":70,"column":6},"end":{"line":70,"column":18}},"19":{"start":{"line":77,"column":6},"end":{"line":79,"column":7}},"20":{"start":{"line":78,"column":8},"end":{"line":78,"column":48}},"21":{"start":{"line":80,"column":6},"end":{"line":80,"column":18}},"22":{"start":{"line":84,"column":31},"end":{"line":84,"column":92}},"23":{"start":{"line":86,"column":30},"end":{"line":94,"column":1}},"24":{"start":{"line":96,"column":31},"end":{"line":104,"column":1}},"25":{"start":{"line":106,"column":0},"end":{"line":113,"column":2}}},"fnMap":{"0":{"name":"(anonymous_0)","decl":{"start":{"line":21,"column":12},"end":{"line":21,"column":13}},"loc":{"start":{"line":21,"column":21},"end":{"line":26,"column":5}},"line":21},"1":{"name":"(anonymous_1)","decl":{"start":{"line":30,"column":12},"end":{"line":30,"column":13}},"loc":{"start":{"line":30,"column":21},"end":{"line":35,"column":5}},"line":30},"2":{"name":"(anonymous_2)","decl":{"start":{"line":51,"column":12},"end":{"line":51,"column":13}},"loc":{"start":{"line":51,"column":36},"end":{"line":57,"column":5}},"line":51},"3":{"name":"(anonymous_3)","decl":{"start":{"line":66,"column":12},"end":{"line":66,"column":13}},"loc":{"start":{"line":66,"column":21},"end":{"line":71,"column":5}},"line":66},"4":{"name":"(anonymous_4)","decl":{"start":{"line":76,"column":12},"end":{"line":76,"column":13}},"loc":{"start":{"line":76,"column":21},"end":{"line":81,"column":5}},"line":76}},"branchMap":{"0":{"loc":{"start":{"line":22,"column":6},"end":{"line":24,"column":7}},"type":"if","locations":[{"start":{"line":22,"column":6},"end":{"line":24,"column":7}},{"start":{},"end":{}}],"line":22},"1":{"loc":{"start":{"line":31,"column":6},"end":{"line":33,"column":7}},"type":"if","locations":[{"start":{"line":31,"column":6},"end":{"line":33,"column":7}},{"start":{},"end":{}}],"line":31},"2":{"loc":{"start":{"line":53,"column":6},"end":{"line":55,"column":7}},"type":"if","locations":[{"start":{"line":53,"column":6},"end":{"line":55,"column":7}},{"start":{},"end":{}}],"line":53},"3":{"loc":{"start":{"line":53,"column":10},"end":{"line":53,"column":57}},"type":"binary-expr","locations":[{"start":{"line":53,"column":10},"end":{"line":53,"column":22}},{"start":{"line":53,"column":26},"end":{"line":53,"column":57}}],"line":53},"4":{"loc":{"start":{"line":67,"column":6},"end":{"line":69,"column":7}},"type":"if","locations":[{"start":{"line":67,"column":6},"end":{"line":69,"column":7}},{"start":{},"end":{}}],"line":67},"5":{"loc":{"start":{"line":77,"column":6},"end":{"line":79,"column":7}},"type":"if","locations":[{"start":{"line":77,"column":6},"end":{"line":79,"column":7}},{"start":{},"end":{}}],"line":77}},"s":{"0":1,"1":1,"2":1,"3":1,"4":10,"5":1,"6":9,"7":10,"8":1,"9":9,"10":1,"11":1,"12":1,"13":0,"14":0,"15":0,"16":0,"17":0,"18":0,"19":0,"20":0,"21":0,"22":1,"23":1,"24":1,"25":1},"f":{"0":10,"1":10,"2":1,"3":0,"4":0},"b":{"0":[1,9],"1":[1,9],"2":[0,0],"3":[0,0],"4":[0,0],"5":[0,0]},"_coverageSchema":"1a1c01bbd47fc00a2c39e90264f33305004495a9","hash":"20cce4f1d63963528127a7bb4befdb24b8230648"}
,"/Users/gabrysia/Desktop/semestr4/zarzadzenie_wydatkami/ZarzadzenieWydatkami/user_service/src/models/index.js": {"path":"/Users/gabrysia/Desktop/semestr4/zarzadzenie_wydatkami/ZarzadzenieWydatkami/user_service/src/models/index.js","statementMap":{"0":{"start":{"line":1,"column":22},"end":{"line":1,"column":45}},"1":{"start":{"line":2,"column":18},"end":{"line":2,"column":41}},"2":{"start":{"line":4,"column":13},"end":{"line":4,"column":33}},"3":{"start":{"line":6,"column":0},"end":{"line":9,"column":2}}},"fnMap":{},"branchMap":{},"s":{"0":2,"1":2,"2":2,"3":2},"f":{},"b":{},"_coverageSchema":"1a1c01bbd47fc00a2c39e90264f33305004495a9","hash":"66ab946f77320b6c80eb11ff792cbd3f486ca8bb"}
,"/Users/gabrysia/Desktop/semestr4/zarzadzenie_wydatkami/ZarzadzenieWydatkami/user_service/src/models/user.model.js": {"path":"/Users/gabrysia/Desktop/semestr4/zarzadzenie_wydatkami/ZarzadzenieWydatkami/user_service/src/models/user.model.js","statementMap":{"0":{"start":{"line":1,"column":30},"end":{"line":1,"column":50}},"1":{"start":{"line":3,"column":0},"end":{"line":88,"column":2}},"2":{"start":{"line":4,"column":15},"end":{"line":85,"column":3}},"3":{"start":{"line":87,"column":2},"end":{"line":87,"column":14}}},"fnMap":{"0":{"name":"(anonymous_0)","decl":{"start":{"line":3,"column":17},"end":{"line":3,"column":18}},"loc":{"start":{"line":3,"column":32},"end":{"line":88,"column":1}},"line":3}},"branchMap":{},"s":{"0":2,"1":2,"2":2,"3":2},"f":{"0":2},"b":{},"_coverageSchema":"1a1c01bbd47fc00a2c39e90264f33305004495a9","hash":"01ba99d803deab1d6b0be7e53b06d1b3767d771b"}
,"/Users/gabrysia/Desktop/semestr4/zarzadzenie_wydatkami/ZarzadzenieWydatkami/user_service/src/routes/user.routes.js": {"path":"/Users/gabrysia/Desktop/semestr4/zarzadzenie_wydatkami/ZarzadzenieWydatkami/user_service/src/routes/user.routes.js","statementMap":{"0":{"start":{"line":1,"column":16},"end":{"line":1,"column":34}},"1":{"start":{"line":2,"column":40},"end":{"line":2,"column":81}},"2":{"start":{"line":13,"column":4},"end":{"line":13,"column":45}},"3":{"start":{"line":21,"column":4},"end":{"line":21,"column":49}},"4":{"start":{"line":23,"column":15},"end":{"line":23,"column":31}},"5":{"start":{"line":25,"column":0},"end":{"line":25,"column":57}},"6":{"start":{"line":26,"column":0},"end":{"line":26,"column":48}},"7":{"start":{"line":27,"column":0},"end":{"line":27,"column":72}},"8":{"start":{"line":28,"column":0},"end":{"line":28,"column":69}},"9":{"start":{"line":29,"column":0},"end":{"line":29,"column":64}},"10":{"start":{"line":30,"column":0},"end":{"line":30,"column":44}},"11":{"start":{"line":31,"column":0},"end":{"line":31,"column":70}},"12":{"start":{"line":32,"column":0},"end":{"line":32,"column":85}},"13":{"start":{"line":33,"column":0},"end":{"line":33,"column":50}},"14":{"start":{"line":35,"column":0},"end":{"line":35,"column":24}}},"fnMap":{},"branchMap":{},"s":{"0":1,"1":1,"2":1,"3":1,"4":1,"5":1,"6":1,"7":1,"8":1,"9":1,"10":1,"11":1,"12":1,"13":1,"14":1},"f":{},"b":{},"_coverageSchema":"1a1c01bbd47fc00a2c39e90264f33305004495a9","hash":"4eb6d6a096f09dbff79d1759dd9cead2c1bbe8d4"}
}
