TN:
SF:user_service/app.js
FNF:0
FNH:0
DA:1,1
DA:2,1
DA:3,1
DA:4,1
DA:5,1
DA:6,1
DA:8,1
DA:10,1
DA:21,1
DA:23,1
DA:24,1
DA:25,1
DA:27,1
DA:28,1
DA:30,1
LF:15
LH:15
BRF:0
BRH:0
end_of_record
TN:
SF:user_service/src/config/data.js
FNF:0
FNH:0
DA:1,1
DA:148,1
DA:334,1
LF:3
LH:3
BRF:0
BRH:0
end_of_record
TN:
SF:user_service/src/config/db.js
FN:9,(anonymous_0)
FNF:1
FNH:1
FNDA:2,(anonymous_0)
DA:1,3
DA:3,3
DA:9,3
DA:10,2
DA:11,2
DA:12,1
DA:14,1
DA:15,1
DA:19,3
LF:9
LH:9
BRF:0
BRH:0
end_of_record
TN:
SF:user_service/src/controllers/user.controller.js
FN:8,(anonymous_0)
FN:52,(anonymous_1)
FN:93,(anonymous_2)
FN:123,(anonymous_3)
FN:160,(anonymous_4)
FN:176,(anonymous_5)
FN:181,(anonymous_6)
FN:214,(anonymous_7)
FN:242,(anonymous_8)
FNF:9
FNH:9
FNDA:10,(anonymous_0)
FNDA:5,(anonymous_1)
FNDA:3,(anonymous_2)
FNDA:3,(anonymous_3)
FNDA:1,(anonymous_4)
FNDA:1,(anonymous_5)
FNDA:2,(anonymous_6)
FNDA:3,(anonymous_7)
FNDA:1,(anonymous_8)
DA:1,1
DA:2,1
DA:3,1
DA:4,1
DA:5,1
DA:6,1
DA:8,1
DA:9,10
DA:10,10
DA:11,7
DA:12,7
DA:13,7
DA:14,7
DA:17,3
DA:18,3
DA:19,3
DA:21,3
DA:31,2
DA:35,2
DA:46,1
DA:47,1
DA:48,1
DA:52,1
DA:53,5
DA:54,5
DA:55,2
DA:56,2
DA:57,2
DA:58,2
DA:61,3
DA:62,3
DA:63,3
DA:64,3
DA:65,1
DA:66,1
DA:68,3
DA:69,2
DA:70,1
DA:71,1
DA:73,2
DA:76,2
DA:87,2
DA:88,2
DA:89,2
DA:93,1
DA:94,3
DA:95,3
DA:96,1
DA:97,1
DA:98,1
DA:99,1
DA:102,2
DA:103,2
DA:104,2
DA:105,2
DA:106,1
DA:107,1
DA:109,2
DA:110,2
DA:111,2
DA:112,1
DA:113,1
DA:115,1
DA:117,1
DA:118,1
DA:119,1
DA:123,1
DA:124,3
DA:125,3
DA:126,1
DA:127,1
DA:128,1
DA:129,1
DA:132,2
DA:133,2
DA:134,2
DA:142,1
DA:143,1
DA:144,1
DA:145,0
DA:147,0
DA:148,0
DA:149,0
DA:150,0
DA:151,0
DA:152,0
DA:154,2
DA:155,2
DA:156,2
DA:160,1
DA:161,1
DA:162,1
DA:167,1
DA:169,0
DA:170,0
DA:171,0
DA:172,0
DA:176,1
DA:177,1
DA:178,1
DA:181,1
DA:182,2
DA:183,2
DA:184,1
DA:185,1
DA:186,1
DA:187,1
DA:190,1
DA:191,1
DA:194,1
DA:195,0
DA:196,0
DA:197,0
DA:200,1
DA:201,1
DA:202,1
DA:203,1
DA:204,1
DA:205,1
DA:206,1
DA:208,0
DA:209,0
DA:210,0
DA:214,1
DA:215,3
DA:216,3
DA:217,2
DA:218,2
DA:219,2
DA:220,2
DA:223,1
DA:224,1
DA:225,1
DA:226,1
DA:227,1
DA:228,1
DA:229,0
DA:231,0
DA:232,0
DA:233,0
DA:234,0
DA:236,1
DA:237,1
DA:238,1
DA:242,1
DA:243,1
DA:244,1
DA:245,1
DA:246,0
DA:247,0
DA:249,1
DA:250,1
DA:252,0
DA:253,0
DA:254,0
DA:258,1
LF:156
LH:129
BRDA:10,0,0,7
BRDA:10,0,1,3
BRDA:28,1,0,3
BRDA:28,1,1,0
BRDA:54,2,0,2
BRDA:54,2,1,3
BRDA:64,3,0,1
BRDA:64,3,1,2
BRDA:69,4,0,1
BRDA:69,4,1,1
BRDA:95,5,0,1
BRDA:95,5,1,2
BRDA:105,6,0,1
BRDA:105,6,1,1
BRDA:125,7,0,1
BRDA:125,7,1,2
BRDA:142,8,0,1
BRDA:142,8,1,0
BRDA:183,9,0,1
BRDA:183,9,1,1
BRDA:194,10,0,0
BRDA:194,10,1,1
BRDA:201,11,0,1
BRDA:201,11,1,1
BRDA:202,12,0,1
BRDA:202,12,1,0
BRDA:203,13,0,1
BRDA:203,13,1,1
BRDA:204,14,0,1
BRDA:204,14,1,1
BRDA:216,15,0,2
BRDA:216,15,1,1
BRDA:226,16,0,1
BRDA:226,16,1,0
BRDA:245,17,0,0
BRDA:245,17,1,1
BRF:36
BRH:30
end_of_record
TN:
SF:user_service/src/middlewares/auth.middleware.js
FN:4,(anonymous_0)
FN:24,(anonymous_1)
FN:25,(anonymous_2)
FNF:3
FNH:3
FNDA:11,(anonymous_0)
FNDA:1,(anonymous_1)
FNDA:2,(anonymous_2)
DA:1,2
DA:2,2
DA:4,2
DA:5,11
DA:6,11
DA:7,2
DA:9,9
DA:10,9
DA:11,9
DA:13,9
DA:14,9
DA:16,9
DA:17,9
DA:19,0
DA:20,0
DA:24,2
DA:25,1
DA:26,2
DA:27,0
DA:30,2
DA:31,1
DA:34,1
DA:38,2
LF:23
LH:20
BRDA:6,0,0,2
BRDA:6,0,1,9
BRDA:6,1,0,11
BRDA:6,1,1,9
BRDA:14,2,0,0
BRDA:14,2,1,9
BRDA:26,3,0,0
BRDA:26,3,1,2
BRDA:30,4,0,1
BRDA:30,4,1,1
BRF:10
BRH:8
end_of_record
TN:
SF:user_service/src/middlewares/errorHandler.js
FN:1,(anonymous_0)
FNF:1
FNH:1
FNDA:21,(anonymous_0)
DA:1,1
DA:2,21
DA:4,21
DA:5,21
DA:7,21
DA:13,1
LF:6
LH:6
BRDA:2,0,0,21
BRDA:2,0,1,0
BRDA:4,1,0,21
BRDA:4,1,1,7
BRDA:5,2,0,21
BRDA:5,2,1,0
BRDA:9,3,0,21
BRDA:9,3,1,3
BRF:8
BRH:6
end_of_record
TN:
SF:user_service/src/middlewares/validate.middleware.js
FN:21,(anonymous_0)
FN:30,(anonymous_1)
FN:51,(anonymous_2)
FN:66,(anonymous_3)
FN:76,(anonymous_4)
FNF:5
FNH:3
FNDA:10,(anonymous_0)
FNDA:10,(anonymous_1)
FNDA:1,(anonymous_2)
FNDA:0,(anonymous_3)
FNDA:0,(anonymous_4)
DA:1,1
DA:2,1
DA:3,1
DA:5,1
DA:22,10
DA:23,1
DA:25,9
DA:31,10
DA:32,1
DA:34,9
DA:43,1
DA:48,1
DA:52,1
DA:53,0
DA:54,0
DA:56,0
DA:67,0
DA:68,0
DA:70,0
DA:77,0
DA:78,0
DA:80,0
DA:84,1
DA:86,1
DA:96,1
DA:106,1
LF:26
LH:17
BRDA:22,0,0,1
BRDA:22,0,1,9
BRDA:31,1,0,1
BRDA:31,1,1,9
BRDA:53,2,0,0
BRDA:53,2,1,0
BRDA:53,3,0,0
BRDA:53,3,1,0
BRDA:67,4,0,0
BRDA:67,4,1,0
BRDA:77,5,0,0
BRDA:77,5,1,0
BRF:12
BRH:4
end_of_record
TN:
SF:user_service/src/models/index.js
FNF:0
FNH:0
DA:1,2
DA:2,2
DA:4,2
DA:6,2
LF:4
LH:4
BRF:0
BRH:0
end_of_record
TN:
SF:user_service/src/models/user.model.js
FN:3,(anonymous_0)
FNF:1
FNH:1
FNDA:2,(anonymous_0)
DA:1,2
DA:3,2
DA:4,2
DA:87,2
LF:4
LH:4
BRF:0
BRH:0
end_of_record
TN:
SF:user_service/src/routes/user.routes.js
FNF:0
FNH:0
DA:1,1
DA:2,1
DA:13,1
DA:21,1
DA:23,1
DA:25,1
DA:26,1
DA:27,1
DA:28,1
DA:29,1
DA:30,1
DA:31,1
DA:32,1
DA:33,1
DA:35,1
LF:15
LH:15
BRF:0
BRH:0
end_of_record
